
Loading the model ...
  input file   : Ped-Road.pomdpx
MIXED without reparam
convert factored
convert factored subfunctions done
destroying FactoredPomdp
FactoredPomdp destroyed

Loading the policy ...
  input file   : Ped-Road-700.policy

Simulating ...
  action selection :  one-step look ahead
Settingup PSG_SimulationEngine 
 rob -3.5,-30,0
 ped -6.328,6.101,0
 rvel : sV0
 Curr state sx00y12sR00sV0 id 12
Starting Belief 
size: 4,
 data: [0= 0.25, 1= 0.25, 2= 0.25, 3= 0.25]
=====================================================================
curr action aAcc
 Current px -6.328:0 py 6.101:12 ry -30:0
 Next px -6.328:0 py 6.101:12 ry -27:1
Next state 
 rob -3.5,-27,0
 ped -6.328,6.101,0
 rvel : sV1
 Curr state sx00y12sR01sV1 id 336
curr observation is ox00y12 id 12
before update belief
size: 4,
 data: [0= 0.25, 1= 0.25, 2= 0.25, 3= 0.25]
curr bel sval 12
 runStep ------------------------ 
Curr bel state 
size: 4,
 data: [0= 0.25, 1= 0.25, 2= 0.25, 3= 0.25]
Curr action  1
Curr Obs  12
Next SVal  336
jspv : size: 4,
 data: [0= 0.00075, 1= 0.00075, 2= 0.00075, 3= 0.00075]
 nextBelief beliefState, act, obs, obsX  
Next bel state 
size: 4,
 data: [0= 0.25, 1= 0.25, 2= 0.25, 3= 0.25]
 runStep ------------------------ 
next belief
size: 4,
 data: [0= 0.25, 1= 0.25, 2= 0.25, 3= 0.25]
next bel sval 336
=====================================================================
curr action aAcc
 Current px -6.328:0 py 6.101:12 ry -27:1
 Next px -6.328:0 py 6.101:12 ry -21:3
Next state 
 rob -3.5,-21,0
 ped -6.328,6.101,0
 rvel : sV2
 Curr state sx00y12sR03sV2 id 903
curr observation is ox00y12 id 12
before update belief
size: 4,
 data: [0= 0.25, 1= 0.25, 2= 0.25, 3= 0.25]
curr bel sval 336
 runStep ------------------------ 
Curr bel state 
size: 4,
 data: [0= 0.25, 1= 0.25, 2= 0.25, 3= 0.25]
Curr action  1
Curr Obs  12
Next SVal  903
jspv : size: 4,
 data: [0= 0.00075, 1= 0.00075, 2= 0.00075, 3= 0.00075]
 nextBelief beliefState, act, obs, obsX  
Next bel state 
size: 4,
 data: [0= 0.25, 1= 0.25, 2= 0.25, 3= 0.25]
 runStep ------------------------ 
next belief
size: 4,
 data: [0= 0.25, 1= 0.25, 2= 0.25, 3= 0.25]
next bel sval 903
=====================================================================
curr action aCru
 Current px -6.328:0 py 6.101:12 ry -21:3
